[debug] [2023-07-12T19:38:08.985Z] ----------------------------------------------------------------------
[debug] [2023-07-12T19:38:08.986Z] Command:       /usr/local/bin/node /usr/local/bin/firebase deploy
[debug] [2023-07-12T19:38:08.986Z] CLI Version:   12.4.0
[debug] [2023-07-12T19:38:08.987Z] Platform:      darwin
[debug] [2023-07-12T19:38:08.987Z] Node Version:  v18.16.0
[debug] [2023-07-12T19:38:08.987Z] Time:          Wed Jul 12 2023 15:38:08 GMT-0400 (Eastern Daylight Time)
[debug] [2023-07-12T19:38:08.987Z] ----------------------------------------------------------------------
[debug] 
[debug] [2023-07-12T19:38:09.019Z] > command requires scopes: ["email","openid","https://www.googleapis.com/auth/cloudplatformprojects.readonly","https://www.googleapis.com/auth/firebase","https://www.googleapis.com/auth/cloud-platform"]
[debug] [2023-07-12T19:38:09.019Z] > authorizing via signed-in user (andrew.joseph.wilborn@gmail.com)
[debug] [2023-07-12T19:38:09.019Z] [iam] checking project nextjs-movie-db-ajw for permissions ["firebase.projects.get","firebasehosting.sites.update"]
[debug] [2023-07-12T19:38:09.020Z] > refreshing access token with scopes: []
[debug] [2023-07-12T19:38:09.021Z] >>> [apiv2][query] POST https://www.googleapis.com/oauth2/v3/token [none]
[debug] [2023-07-12T19:38:09.021Z] >>> [apiv2][body] POST https://www.googleapis.com/oauth2/v3/token [omitted]
[debug] [2023-07-12T19:38:09.202Z] <<< [apiv2][status] POST https://www.googleapis.com/oauth2/v3/token 200
[debug] [2023-07-12T19:38:09.202Z] <<< [apiv2][body] POST https://www.googleapis.com/oauth2/v3/token [omitted]
[debug] [2023-07-12T19:38:09.213Z] >>> [apiv2][query] POST https://cloudresourcemanager.googleapis.com/v1/projects/nextjs-movie-db-ajw:testIamPermissions [none]
[debug] [2023-07-12T19:38:09.214Z] >>> [apiv2][(partial)header] POST https://cloudresourcemanager.googleapis.com/v1/projects/nextjs-movie-db-ajw:testIamPermissions x-goog-quota-user=projects/nextjs-movie-db-ajw
[debug] [2023-07-12T19:38:09.214Z] >>> [apiv2][body] POST https://cloudresourcemanager.googleapis.com/v1/projects/nextjs-movie-db-ajw:testIamPermissions {"permissions":["firebase.projects.get","firebasehosting.sites.update"]}
[debug] [2023-07-12T19:38:09.500Z] <<< [apiv2][status] POST https://cloudresourcemanager.googleapis.com/v1/projects/nextjs-movie-db-ajw:testIamPermissions 200
[debug] [2023-07-12T19:38:09.500Z] <<< [apiv2][body] POST https://cloudresourcemanager.googleapis.com/v1/projects/nextjs-movie-db-ajw:testIamPermissions {"permissions":["firebase.projects.get","firebasehosting.sites.update"]}
[debug] [2023-07-12T19:38:09.502Z] >>> [apiv2][query] GET https://firebase.googleapis.com/v1beta1/projects/nextjs-movie-db-ajw [none]
[debug] [2023-07-12T19:38:09.974Z] <<< [apiv2][status] GET https://firebase.googleapis.com/v1beta1/projects/nextjs-movie-db-ajw 200
[debug] [2023-07-12T19:38:09.975Z] <<< [apiv2][body] GET https://firebase.googleapis.com/v1beta1/projects/nextjs-movie-db-ajw {"projectId":"nextjs-movie-db-ajw","projectNumber":"404830534093","displayName":"nextjs-movie-db-ajw","name":"projects/nextjs-movie-db-ajw","resources":{"hostingSite":"nextjs-movie-db-ajw"},"state":"ACTIVE","etag":"1_6c22bce0-9596-41a5-8f63-b868ecf663d7"}
[info] 
   Thank you for trying our early preview of Next.js support on Firebase Hosting.
   During the preview, support is best-effort and breaking changes can be expected. Proceed with caution.

   Documentation: https://firebase.google.com/docs/hosting/frameworks/nextjs
   File a bug: https://github.com/firebase/firebase-tools/issues/new?template=bug_report.md
   Submit a feature request: https://github.com/firebase/firebase-tools/issues/new?template=feature_request.md

   We'd love to learn from you. Express your interest in helping us shape the future of Firebase Hosting: https://goo.gle/41enW5X

[info] Building a Cloud Function to run this application. This is needed due to:
[info]  • use of fallback /[genre]
[info] 
[debug] [2023-07-12T19:38:34.493Z] [web frameworks] effective firebase.json:  {
  "hosting": [
    {
      "source": ".",
      "ignore": [
        "firebase.json",
        "**/.*",
        "**/node_modules/**"
      ],
      "frameworksBackend": {
        "region": "us-east1"
      },
      "site": "nextjs-movie-db-ajw",
      "rewrites": [
        {
          "source": "**",
          "function": {
            "functionId": "ssrnextjsmoviedbajw",
            "region": "us-east1",
            "pinTag": true
          }
        }
      ],
      "redirects": [],
      "headers": [
        {
          "source": "/favicon.ico",
          "headers": [
            {
              "key": "cache-control",
              "value": "public, max-age=0, must-revalidate"
            },
            {
              "key": "content-type",
              "value": "image/x-icon"
            },
            {
              "key": "x-next-cache-tags",
              "value": "/favicon.ico/route"
            }
          ]
        }
      ],
      "cleanUrls": true,
      "trailingSlash": false,
      "public": ".firebase/nextjs-movie-db-ajw/hosting",
      "webFramework": "next_ssr"
    }
  ],
  "functions": [
    {
      "source": ".firebase/nextjs-movie-db-ajw/functions",
      "codebase": "firebase-frameworks-nextjs-movie-db-ajw"
    }
  ]
}
[debug] [2023-07-12T19:38:34.493Z] > command requires scopes: ["email","openid","https://www.googleapis.com/auth/cloudplatformprojects.readonly","https://www.googleapis.com/auth/firebase","https://www.googleapis.com/auth/cloud-platform"]
[debug] [2023-07-12T19:38:34.493Z] > authorizing via signed-in user (andrew.joseph.wilborn@gmail.com)
[debug] [2023-07-12T19:38:34.493Z] [iam] checking project nextjs-movie-db-ajw for permissions ["cloudfunctions.functions.create","cloudfunctions.functions.delete","cloudfunctions.functions.get","cloudfunctions.functions.list","cloudfunctions.functions.update","cloudfunctions.operations.get","firebase.projects.get"]
[debug] [2023-07-12T19:38:34.494Z] >>> [apiv2][query] POST https://cloudresourcemanager.googleapis.com/v1/projects/nextjs-movie-db-ajw:testIamPermissions [none]
[debug] [2023-07-12T19:38:34.494Z] >>> [apiv2][(partial)header] POST https://cloudresourcemanager.googleapis.com/v1/projects/nextjs-movie-db-ajw:testIamPermissions x-goog-quota-user=projects/nextjs-movie-db-ajw
[debug] [2023-07-12T19:38:34.494Z] >>> [apiv2][body] POST https://cloudresourcemanager.googleapis.com/v1/projects/nextjs-movie-db-ajw:testIamPermissions {"permissions":["cloudfunctions.functions.create","cloudfunctions.functions.delete","cloudfunctions.functions.get","cloudfunctions.functions.list","cloudfunctions.functions.update","cloudfunctions.operations.get","firebase.projects.get"]}
[debug] [2023-07-12T19:38:34.671Z] <<< [apiv2][status] POST https://cloudresourcemanager.googleapis.com/v1/projects/nextjs-movie-db-ajw:testIamPermissions 200
[debug] [2023-07-12T19:38:34.671Z] <<< [apiv2][body] POST https://cloudresourcemanager.googleapis.com/v1/projects/nextjs-movie-db-ajw:testIamPermissions {"permissions":["cloudfunctions.functions.create","cloudfunctions.functions.delete","cloudfunctions.functions.get","cloudfunctions.functions.list","cloudfunctions.functions.update","cloudfunctions.operations.get","firebase.projects.get"]}
[info] 
[info] === Deploying to 'nextjs-movie-db-ajw'...
[info] 
[info] i  deploying functions, hosting 
[debug] [2023-07-12T19:38:34.673Z] >>> [apiv2][query] GET https://firebase.googleapis.com/v1beta1/projects/nextjs-movie-db-ajw [none]
[debug] [2023-07-12T19:38:35.050Z] <<< [apiv2][status] GET https://firebase.googleapis.com/v1beta1/projects/nextjs-movie-db-ajw 200
[debug] [2023-07-12T19:38:35.050Z] <<< [apiv2][body] GET https://firebase.googleapis.com/v1beta1/projects/nextjs-movie-db-ajw {"projectId":"nextjs-movie-db-ajw","projectNumber":"404830534093","displayName":"nextjs-movie-db-ajw","name":"projects/nextjs-movie-db-ajw","resources":{"hostingSite":"nextjs-movie-db-ajw"},"state":"ACTIVE","etag":"1_6c22bce0-9596-41a5-8f63-b868ecf663d7"}
[info] i  functions: preparing codebase firebase-frameworks-nextjs-movie-db-ajw for deployment 
[info] i  functions: ensuring required API cloudfunctions.googleapis.com is enabled... 
[info] i  functions: ensuring required API cloudbuild.googleapis.com is enabled... 
[info] i  artifactregistry: ensuring required API artifactregistry.googleapis.com is enabled... 
[debug] [2023-07-12T19:38:35.053Z] >>> [apiv2][query] GET https://serviceusage.googleapis.com/v1/projects/nextjs-movie-db-ajw/services/cloudfunctions.googleapis.com [none]
[debug] [2023-07-12T19:38:35.053Z] >>> [apiv2][(partial)header] GET https://serviceusage.googleapis.com/v1/projects/nextjs-movie-db-ajw/services/cloudfunctions.googleapis.com x-goog-quota-user=projects/nextjs-movie-db-ajw
[debug] [2023-07-12T19:38:35.056Z] >>> [apiv2][query] GET https://serviceusage.googleapis.com/v1/projects/nextjs-movie-db-ajw/services/runtimeconfig.googleapis.com [none]
[debug] [2023-07-12T19:38:35.056Z] >>> [apiv2][(partial)header] GET https://serviceusage.googleapis.com/v1/projects/nextjs-movie-db-ajw/services/runtimeconfig.googleapis.com x-goog-quota-user=projects/nextjs-movie-db-ajw
[debug] [2023-07-12T19:38:35.058Z] >>> [apiv2][query] GET https://serviceusage.googleapis.com/v1/projects/nextjs-movie-db-ajw/services/cloudbuild.googleapis.com [none]
[debug] [2023-07-12T19:38:35.058Z] >>> [apiv2][(partial)header] GET https://serviceusage.googleapis.com/v1/projects/nextjs-movie-db-ajw/services/cloudbuild.googleapis.com x-goog-quota-user=projects/nextjs-movie-db-ajw
[debug] [2023-07-12T19:38:35.060Z] >>> [apiv2][query] GET https://serviceusage.googleapis.com/v1/projects/nextjs-movie-db-ajw/services/artifactregistry.googleapis.com [none]
[debug] [2023-07-12T19:38:35.060Z] >>> [apiv2][(partial)header] GET https://serviceusage.googleapis.com/v1/projects/nextjs-movie-db-ajw/services/artifactregistry.googleapis.com x-goog-quota-user=projects/nextjs-movie-db-ajw
[debug] [2023-07-12T19:38:35.601Z] <<< [apiv2][status] GET https://serviceusage.googleapis.com/v1/projects/nextjs-movie-db-ajw/services/artifactregistry.googleapis.com 200
[debug] [2023-07-12T19:38:35.602Z] <<< [apiv2][body] GET https://serviceusage.googleapis.com/v1/projects/nextjs-movie-db-ajw/services/artifactregistry.googleapis.com [omitted]
[info] ✔  artifactregistry: required API artifactregistry.googleapis.com is enabled 
[debug] [2023-07-12T19:38:35.605Z] <<< [apiv2][status] GET https://serviceusage.googleapis.com/v1/projects/nextjs-movie-db-ajw/services/runtimeconfig.googleapis.com 200
[debug] [2023-07-12T19:38:35.605Z] <<< [apiv2][body] GET https://serviceusage.googleapis.com/v1/projects/nextjs-movie-db-ajw/services/runtimeconfig.googleapis.com [omitted]
[debug] [2023-07-12T19:38:35.606Z] <<< [apiv2][status] GET https://serviceusage.googleapis.com/v1/projects/nextjs-movie-db-ajw/services/cloudfunctions.googleapis.com 200
[debug] [2023-07-12T19:38:35.606Z] <<< [apiv2][body] GET https://serviceusage.googleapis.com/v1/projects/nextjs-movie-db-ajw/services/cloudfunctions.googleapis.com [omitted]
[info] ✔  functions: required API cloudfunctions.googleapis.com is enabled 
[debug] [2023-07-12T19:38:35.607Z] <<< [apiv2][status] GET https://serviceusage.googleapis.com/v1/projects/nextjs-movie-db-ajw/services/cloudbuild.googleapis.com 200
[debug] [2023-07-12T19:38:35.607Z] <<< [apiv2][body] GET https://serviceusage.googleapis.com/v1/projects/nextjs-movie-db-ajw/services/cloudbuild.googleapis.com [omitted]
[info] ✔  functions: required API cloudbuild.googleapis.com is enabled 
[debug] [2023-07-12T19:38:35.608Z] >>> [apiv2][query] GET https://firebase.googleapis.com/v1beta1/projects/nextjs-movie-db-ajw/adminSdkConfig [none]
[debug] [2023-07-12T19:38:36.145Z] <<< [apiv2][status] GET https://firebase.googleapis.com/v1beta1/projects/nextjs-movie-db-ajw/adminSdkConfig 200
[debug] [2023-07-12T19:38:36.145Z] <<< [apiv2][body] GET https://firebase.googleapis.com/v1beta1/projects/nextjs-movie-db-ajw/adminSdkConfig {"projectId":"nextjs-movie-db-ajw","storageBucket":"nextjs-movie-db-ajw.appspot.com"}
[debug] [2023-07-12T19:38:36.146Z] >>> [apiv2][query] GET https://runtimeconfig.googleapis.com/v1beta1/projects/nextjs-movie-db-ajw/configs [none]
[debug] [2023-07-12T19:38:36.567Z] <<< [apiv2][status] GET https://runtimeconfig.googleapis.com/v1beta1/projects/nextjs-movie-db-ajw/configs 200
[debug] [2023-07-12T19:38:36.567Z] <<< [apiv2][body] GET https://runtimeconfig.googleapis.com/v1beta1/projects/nextjs-movie-db-ajw/configs {}
[debug] [2023-07-12T19:38:36.573Z] Validating nodejs source
[debug] [2023-07-12T19:38:37.020Z] > [functions] package.json contents: {
  "name": "my-movie-database",
  "version": "0.1.0",
  "private": true,
  "dependencies": {
    "autoprefixer": "10.4.14",
    "next": "13.4.9",
    "postcss": "8.4.25",
    "react": "18.2.0",
    "react-dom": "18.2.0",
    "tailwindcss": "3.3.2",
    "firebase-frameworks": "^0.10.1",
    "firebase-functions": "^4.3.0",
    "firebase-admin": "^11.0.1"
  },
  "main": "server.js",
  "engines": {
    "node": "18"
  }
}
[debug] [2023-07-12T19:38:37.020Z] Building nodejs source
[debug] [2023-07-12T19:38:37.021Z] Could not find functions.yaml. Must use http discovery
[debug] [2023-07-12T19:38:37.027Z] Found firebase-functions binary at '/Users/andrewwilborn/c11/next/my-movie-database/.firebase/nextjs-movie-db-ajw/functions/node_modules/.bin/firebase-functions'
[debug] [2023-07-12T19:38:37.105Z] Serving at port 8171

[debug] [2023-07-12T19:38:37.162Z] Got response from /__/functions.yaml {"endpoints":{"ssrnextjsmoviedbajw":{"availableMemoryMb":null,"timeoutSeconds":null,"minInstances":null,"maxInstances":null,"ingressSettings":null,"concurrency":null,"serviceAccountEmail":null,"vpc":null,"platform":"gcfv2","region":["us-east1"],"labels":{},"httpsTrigger":{},"entryPoint":"ssrnextjsmoviedbajw"}},"specVersion":"v1alpha1","requiredAPIs":[]}
[debug] [2023-07-12T19:38:37.165Z] shutdown requested via /__/quitquitquit

[info] i  functions: Loaded environment variables from .env. 
[info] i  functions: preparing .firebase/nextjs-movie-db-ajw/functions directory for uploading... 
[info] i  functions: packaged /Users/andrewwilborn/c11/next/my-movie-database/.firebase/nextjs-movie-db-ajw/functions (60.76 MB) for uploading 
[debug] [2023-07-12T19:38:38.617Z] >>> [apiv2][query] GET https://cloudfunctions.googleapis.com/v1/projects/nextjs-movie-db-ajw/locations/-/functions [none]
[debug] [2023-07-12T19:38:39.279Z] <<< [apiv2][status] GET https://cloudfunctions.googleapis.com/v1/projects/nextjs-movie-db-ajw/locations/-/functions 200
[debug] [2023-07-12T19:38:39.280Z] <<< [apiv2][body] GET https://cloudfunctions.googleapis.com/v1/projects/nextjs-movie-db-ajw/locations/-/functions {}
[debug] [2023-07-12T19:38:39.282Z] >>> [apiv2][query] GET https://cloudfunctions.googleapis.com/v2/projects/nextjs-movie-db-ajw/locations/-/functions filter=environment%3D%22GEN_2%22
[debug] [2023-07-12T19:38:39.828Z] <<< [apiv2][status] GET https://cloudfunctions.googleapis.com/v2/projects/nextjs-movie-db-ajw/locations/-/functions 200
[debug] [2023-07-12T19:38:39.829Z] <<< [apiv2][body] GET https://cloudfunctions.googleapis.com/v2/projects/nextjs-movie-db-ajw/locations/-/functions {"functions":[{"name":"projects/nextjs-movie-db-ajw/locations/us-east1/functions/ssrnextjsmoviedbajw","buildConfig":{"build":"projects/404830534093/locations/us-east1/builds/b509a41f-c0e6-45f4-9607-e5805a650be9","runtime":"nodejs18","entryPoint":"ssrnextjsmoviedbajw","source":{"storageSource":{"bucket":"gcf-v2-sources-404830534093-us-east1","object":"ssrnextjsmoviedbajw/function-source.zip"}},"environmentVariables":{"GOOGLE_NODE_RUN_SCRIPTS":""},"sourceProvenance":{"resolvedStorageSource":{"bucket":"gcf-v2-sources-404830534093-us-east1","object":"ssrnextjsmoviedbajw/function-source.zip","generation":"1689187608159887"}}},"serviceConfig":{"service":"projects/nextjs-movie-db-ajw/locations/us-east1/services/ssrnextjsmoviedbajw","timeoutSeconds":60,"environmentVariables":{"__FIREBASE_FRAMEWORKS_ENTRY__":"next.js","FIREBASE_CONFIG":"{\"projectId\":\"nextjs-movie-db-ajw\",\"storageBucket\":\"nextjs-movie-db-ajw.appspot.com\"}","GCLOUD_PROJECT":"nextjs-movie-db-ajw","EVENTARC_CLOUD_EVENT_SOURCE":"projects/nextjs-movie-db-ajw/locations/us-east1/services/ssrnextjsmoviedbajw"},"maxInstanceCount":100,"ingressSettings":"ALLOW_ALL","uri":"https://ssrnextjsmoviedbajw-cok34lk2ya-ue.a.run.app","serviceAccountEmail":"404830534093-compute@developer.gserviceaccount.com","availableMemory":"256Mi","allTrafficOnLatestRevision":true,"revision":"ssrnextjsmoviedbajw-00003-gef","maxInstanceRequestConcurrency":80,"availableCpu":"1"},"state":"ACTIVE","updateTime":"2023-07-12T18:48:30.784475013Z","labels":{"firebase-functions-hash":"f263b845d707b54087c19ba01c9e3ad17db6942f","deployment-tool":"cli-firebase","firebase-functions-codebase":"firebase-frameworks-nextjs-movie-db-ajw"},"environment":"GEN_2","url":"https://us-east1-nextjs-movie-db-ajw.cloudfunctions.net/ssrnextjsmoviedbajw"}]}
[info] i  functions: ensuring required API run.googleapis.com is enabled... 
[info] i  functions: ensuring required API eventarc.googleapis.com is enabled... 
[info] i  functions: ensuring required API pubsub.googleapis.com is enabled... 
[info] i  functions: ensuring required API storage.googleapis.com is enabled... 
[debug] [2023-07-12T19:38:39.843Z] >>> [apiv2][query] GET https://serviceusage.googleapis.com/v1/projects/nextjs-movie-db-ajw/services/run.googleapis.com [none]
[debug] [2023-07-12T19:38:39.843Z] >>> [apiv2][(partial)header] GET https://serviceusage.googleapis.com/v1/projects/nextjs-movie-db-ajw/services/run.googleapis.com x-goog-quota-user=projects/nextjs-movie-db-ajw
[debug] [2023-07-12T19:38:39.845Z] >>> [apiv2][query] GET https://serviceusage.googleapis.com/v1/projects/nextjs-movie-db-ajw/services/eventarc.googleapis.com [none]
[debug] [2023-07-12T19:38:39.845Z] >>> [apiv2][(partial)header] GET https://serviceusage.googleapis.com/v1/projects/nextjs-movie-db-ajw/services/eventarc.googleapis.com x-goog-quota-user=projects/nextjs-movie-db-ajw
[debug] [2023-07-12T19:38:39.847Z] >>> [apiv2][query] GET https://serviceusage.googleapis.com/v1/projects/nextjs-movie-db-ajw/services/pubsub.googleapis.com [none]
[debug] [2023-07-12T19:38:39.847Z] >>> [apiv2][(partial)header] GET https://serviceusage.googleapis.com/v1/projects/nextjs-movie-db-ajw/services/pubsub.googleapis.com x-goog-quota-user=projects/nextjs-movie-db-ajw
[debug] [2023-07-12T19:38:39.848Z] >>> [apiv2][query] GET https://serviceusage.googleapis.com/v1/projects/nextjs-movie-db-ajw/services/storage.googleapis.com [none]
[debug] [2023-07-12T19:38:39.849Z] >>> [apiv2][(partial)header] GET https://serviceusage.googleapis.com/v1/projects/nextjs-movie-db-ajw/services/storage.googleapis.com x-goog-quota-user=projects/nextjs-movie-db-ajw
[debug] [2023-07-12T19:38:40.259Z] <<< [apiv2][status] GET https://serviceusage.googleapis.com/v1/projects/nextjs-movie-db-ajw/services/pubsub.googleapis.com 200
[debug] [2023-07-12T19:38:40.260Z] <<< [apiv2][body] GET https://serviceusage.googleapis.com/v1/projects/nextjs-movie-db-ajw/services/pubsub.googleapis.com [omitted]
[info] ✔  functions: required API pubsub.googleapis.com is enabled 
[debug] [2023-07-12T19:38:40.260Z] <<< [apiv2][status] GET https://serviceusage.googleapis.com/v1/projects/nextjs-movie-db-ajw/services/storage.googleapis.com 200
[debug] [2023-07-12T19:38:40.260Z] <<< [apiv2][body] GET https://serviceusage.googleapis.com/v1/projects/nextjs-movie-db-ajw/services/storage.googleapis.com [omitted]
[info] ✔  functions: required API storage.googleapis.com is enabled 
[debug] [2023-07-12T19:38:40.261Z] <<< [apiv2][status] GET https://serviceusage.googleapis.com/v1/projects/nextjs-movie-db-ajw/services/eventarc.googleapis.com 200
[debug] [2023-07-12T19:38:40.261Z] <<< [apiv2][body] GET https://serviceusage.googleapis.com/v1/projects/nextjs-movie-db-ajw/services/eventarc.googleapis.com [omitted]
[info] ✔  functions: required API eventarc.googleapis.com is enabled 
[debug] [2023-07-12T19:38:40.271Z] <<< [apiv2][status] GET https://serviceusage.googleapis.com/v1/projects/nextjs-movie-db-ajw/services/run.googleapis.com 200
[debug] [2023-07-12T19:38:40.272Z] <<< [apiv2][body] GET https://serviceusage.googleapis.com/v1/projects/nextjs-movie-db-ajw/services/run.googleapis.com [omitted]
[info] ✔  functions: required API run.googleapis.com is enabled 
[info] i  functions: generating the service identity for pubsub.googleapis.com... 
[info] i  functions: generating the service identity for eventarc.googleapis.com... 
[debug] [2023-07-12T19:38:40.273Z] >>> [apiv2][query] POST https://serviceusage.googleapis.com/v1beta1/projects/404830534093/services/pubsub.googleapis.com:generateServiceIdentity [none]
[debug] [2023-07-12T19:38:40.275Z] >>> [apiv2][query] POST https://serviceusage.googleapis.com/v1beta1/projects/404830534093/services/eventarc.googleapis.com:generateServiceIdentity [none]
[debug] [2023-07-12T19:38:40.908Z] <<< [apiv2][status] POST https://serviceusage.googleapis.com/v1beta1/projects/404830534093/services/eventarc.googleapis.com:generateServiceIdentity 200
[debug] [2023-07-12T19:38:40.908Z] <<< [apiv2][body] POST https://serviceusage.googleapis.com/v1beta1/projects/404830534093/services/eventarc.googleapis.com:generateServiceIdentity {"name":"operations/finished.DONE_OPERATION","done":true,"response":{"@type":"type.googleapis.com/google.api.serviceusage.v1beta1.ServiceIdentity","email":"service-404830534093@gcp-sa-eventarc.iam.gserviceaccount.com","uniqueId":"112650041818824757985"}}
[debug] [2023-07-12T19:38:41.030Z] <<< [apiv2][status] POST https://serviceusage.googleapis.com/v1beta1/projects/404830534093/services/pubsub.googleapis.com:generateServiceIdentity 200
[debug] [2023-07-12T19:38:41.030Z] <<< [apiv2][body] POST https://serviceusage.googleapis.com/v1beta1/projects/404830534093/services/pubsub.googleapis.com:generateServiceIdentity {"name":"operations/finished.DONE_OPERATION","done":true,"response":{"@type":"type.googleapis.com/google.api.serviceusage.v1beta1.ServiceIdentity","email":"service-404830534093@gcp-sa-pubsub.iam.gserviceaccount.com","uniqueId":"111135626094074786485"}}
[debug] [2023-07-12T19:38:41.035Z] >>> [apiv2][query] GET https://firebase.googleapis.com/v1beta1/projects/nextjs-movie-db-ajw [none]
[debug] [2023-07-12T19:38:41.294Z] <<< [apiv2][status] GET https://firebase.googleapis.com/v1beta1/projects/nextjs-movie-db-ajw 200
[debug] [2023-07-12T19:38:41.295Z] <<< [apiv2][body] GET https://firebase.googleapis.com/v1beta1/projects/nextjs-movie-db-ajw {"projectId":"nextjs-movie-db-ajw","projectNumber":"404830534093","displayName":"nextjs-movie-db-ajw","name":"projects/nextjs-movie-db-ajw","resources":{"hostingSite":"nextjs-movie-db-ajw"},"state":"ACTIVE","etag":"1_6c22bce0-9596-41a5-8f63-b868ecf663d7"}
[debug] [2023-07-12T19:38:41.302Z] >>> [apiv2][query] POST https://firebasehosting.googleapis.com/v1beta1/projects/-/sites/nextjs-movie-db-ajw/versions [none]
[debug] [2023-07-12T19:38:41.302Z] >>> [apiv2][body] POST https://firebasehosting.googleapis.com/v1beta1/projects/-/sites/nextjs-movie-db-ajw/versions {"status":"CREATED","labels":{"deployment-tool":"cli-firebase","firebase-web-framework":"next_ssr"}}
[debug] [2023-07-12T19:38:42.013Z] <<< [apiv2][status] POST https://firebasehosting.googleapis.com/v1beta1/projects/-/sites/nextjs-movie-db-ajw/versions 200
[debug] [2023-07-12T19:38:42.014Z] <<< [apiv2][body] POST https://firebasehosting.googleapis.com/v1beta1/projects/-/sites/nextjs-movie-db-ajw/versions {"name":"projects/404830534093/sites/nextjs-movie-db-ajw/versions/c987d740f1f735ab","status":"CREATED","config":{},"labels":{"deployment-tool":"cli-firebase","firebase-web-framework":"next_ssr"}}
[debug] [2023-07-12T19:38:42.016Z] >>> [apiv2][query] POST https://cloudfunctions.googleapis.com/v2/projects/nextjs-movie-db-ajw/locations/us-east1/functions:generateUploadUrl [none]
[debug] [2023-07-12T19:38:42.207Z] <<< [apiv2][status] POST https://cloudfunctions.googleapis.com/v2/projects/nextjs-movie-db-ajw/locations/us-east1/functions:generateUploadUrl 200
[debug] [2023-07-12T19:38:42.208Z] <<< [apiv2][body] POST https://cloudfunctions.googleapis.com/v2/projects/nextjs-movie-db-ajw/locations/us-east1/functions:generateUploadUrl {"uploadUrl":"https://storage.googleapis.com/gcf-v2-uploads-404830534093-us-east1/ef787c19-9eaa-4bae-a795-b405a224ef8a.zip?GoogleAccessId=service-404830534093@gcf-admin-robot.iam.gserviceaccount.com&Expires=1689192522&Signature=a4l9yK0lnGfKVc6JbwdxQcZ%2BpKtb%2B4Nk%2FTkT88sF27UrwpqUjW1udI%2FGFkmVgXCLU%2FWFPZCuecfcmbI4NNmClDwRvhzg6fWwqhkT1AztumsDHgFn9ShpqvXgptcTR%2B4O32xNq%2FI2xxkGou4spbX6GsutMStvJsEcHUBHV8wf841vFgRoKI54u4fLaN6WQNr60kSD5ASvjGs35hQ4QJE0x4xOlFFD5b1zpOb2xRX5%2BCsb1%2BrQC1gWH5qmFpCxkqCM%2BzrgNR46vbfY33kG1DZjTYHA26FiobC9090y3A4Bm67u8cNBaDHPYjKrLdr%2BFEyodJ%2Bw7JBMdlt1uCnRyJhsjQ%3D%3D","storageSource":{"bucket":"gcf-v2-uploads-404830534093-us-east1","object":"ef787c19-9eaa-4bae-a795-b405a224ef8a.zip"}}
[debug] [2023-07-12T19:38:42.210Z] >>> [apiv2][query] PUT https://storage.googleapis.com/gcf-v2-uploads-404830534093-us-east1/ef787c19-9eaa-4bae-a795-b405a224ef8a.zip GoogleAccessId=service-404830534093%40gcf-admin-robot.iam.gserviceaccount.com&Expires=1689192522&Signature=a4l9yK0lnGfKVc6JbwdxQcZ%2BpKtb%2B4Nk%2FTkT88sF27UrwpqUjW1udI%2FGFkmVgXCLU%2FWFPZCuecfcmbI4NNmClDwRvhzg6fWwqhkT1AztumsDHgFn9ShpqvXgptcTR%2B4O32xNq%2FI2xxkGou4spbX6GsutMStvJsEcHUBHV8wf841vFgRoKI54u4fLaN6WQNr60kSD5ASvjGs35hQ4QJE0x4xOlFFD5b1zpOb2xRX5%2BCsb1%2BrQC1gWH5qmFpCxkqCM%2BzrgNR46vbfY33kG1DZjTYHA26FiobC9090y3A4Bm67u8cNBaDHPYjKrLdr%2BFEyodJ%2Bw7JBMdlt1uCnRyJhsjQ%3D%3D
[debug] [2023-07-12T19:38:42.210Z] >>> [apiv2][body] PUT https://storage.googleapis.com/gcf-v2-uploads-404830534093-us-east1/ef787c19-9eaa-4bae-a795-b405a224ef8a.zip [stream]
[debug] [2023-07-12T19:38:52.899Z] <<< [apiv2][status] PUT https://storage.googleapis.com/gcf-v2-uploads-404830534093-us-east1/ef787c19-9eaa-4bae-a795-b405a224ef8a.zip 200
[debug] [2023-07-12T19:38:52.900Z] <<< [apiv2][body] PUT https://storage.googleapis.com/gcf-v2-uploads-404830534093-us-east1/ef787c19-9eaa-4bae-a795-b405a224ef8a.zip [omitted]
[info] ✔  functions: .firebase/nextjs-movie-db-ajw/functions folder uploaded successfully 
[info] i  hosting[nextjs-movie-db-ajw]: beginning deploy... 
[info] i  hosting[nextjs-movie-db-ajw]: found 30 files in .firebase/nextjs-movie-db-ajw/hosting 
[debug] [2023-07-12T19:38:52.926Z] [hosting] uploading with 200 concurrency
[debug] [2023-07-12T19:38:52.957Z] [hosting] hash cache [LmZpcmViYXNlL25leHRqcy1tb3ZpZS1kYi1hancvaG9zdGluZw] stored for 30 files
[debug] [2023-07-12T19:38:52.957Z] [hosting][hash queue][FINAL] {"max":22,"min":13,"avg":14.5,"active":0,"complete":30,"success":30,"errored":0,"retried":0,"total":30,"elapsed":26}
[debug] [2023-07-12T19:38:52.958Z] >>> [apiv2][query] POST https://firebasehosting.googleapis.com/v1beta1/projects/404830534093/sites/nextjs-movie-db-ajw/versions/c987d740f1f735ab:populateFiles [none]
[debug] [2023-07-12T19:38:52.958Z] >>> [apiv2][body] POST https://firebasehosting.googleapis.com/v1beta1/projects/404830534093/sites/nextjs-movie-db-ajw/versions/c987d740f1f735ab:populateFiles {"files":{"/404.html":"54925f94a6bd57b6b623fb54714dc5f67470ae1d14f2b89dbff222c6777e4403","/next.svg":"33c5c6ad1d08bb69d8026289530e377b4d6e2a96f24562e209fd1e1e9ccee64a","/_next/static/OxGJFa0NOIA7TPdEurVq0/_ssgManifest.js":"d591210279db6584a2d88e83a7a03558a9a5d19482ca0bfa256fc0efb05cce47","/vercel.svg":"4b9c0f01017bb87197f2ae0bd9717239fadf854131b34cce7b0f74ff6d513a4b","/_next/static/OxGJFa0NOIA7TPdEurVq0/_buildManifest.js":"22c37d96938987201b8bcb06e70125813225d87a02198ce97dc50320225b7857","/about.html":"78632cc130b063f513d0407f53a66179629087fbf73a623f81404dfa18ffcb5e","/_next/static/chunks/998-1a20a1f47672ad3a.js":"aaaaffdfc44255eb236e8169addba4c1c6370a19fdd60160347bfed25cea5b68","/index.html":"078dba7a82b37896cb54676c06cd8f07866c2ffcef8b896935b91556c47201eb","/_next/static/chunks/main-app-f64417601849d5d1.js":"f14a6fc221f08336a5204f31ac74ed37eadbcdaf9879a149c3844de357d1dfc9","/_next/static/chunks/app/layout-e8702347d5f04242.js":"e5a888581a24e4ad27d7e7d794e7726bfe018cc68c01f02ba5970ddb8bc59465","/favicon.ico":"04614fc32690cb60b39e472119b7f7aa91d88eaeb8511a7489f8cbe1552e6e59","/_next/static/chunks/webpack-d0d581c588093812.js":"c1e8f0016fbda8cb6fe6f1a7224e47e616c3f3af60b3e8ddf5e06c1dda586e0a","/_next/static/chunks/app/page-0ddd82049d76c55b.js":"0cf9468196bebbc8e8b835e459b851dc5cf1d0470c4e477958307541eaa4ac55","/_next/static/chunks/app/[genre]/page-d5c5c3b3c276e3bd.js":"640c7ab65e8877d9eda7c39cd51018c54c9b19a5e63ae8862bede8fbd3f04a3c","/_next/static/chunks/app/about/page-f9bb0c5a2f0a985b.js":"0950c815dd0658efc32bea949c9c6ff3fdc18b4a7b2959a5ba07308ee2db9171","/_next/static/css/4b7c8698203838be.css":"de8137670b819c4eae780f1e5cea14bc0f9c2e381687d56f33bb0b6ed556c363","/_next/static/chunks/pages/_error-7fafba9435aeb6bc.js":"cabf485cf90d3b4574bb81ce71d1da556ed747990a616be5247f406fa4ead6fb","/_next/static/chunks/pages/_app-b75b9482ff6ea491.js":"89097a1b5ed8c16c36dae8df4b4d073bb9146cba9e75aa26a880e227190ee7f2","/_next/static/media/b1db3e28af9ef94a-s.woff2":"341f8eeb10eece9821ba627cdf2e4b8ce5f845688ba7319e8e83b8a511ab6f72","/_next/static/media/ae9ae6716d4f8bf8-s.woff2":"43ee6ef2612f5b1a6a4da26f6794a153e3a114ca63e5514b42fe971a591c14f1","/_next/static/media/c0f5ec5bbf5913b7-s.woff2":"80b15feaba5060ab0f867e9a7512eb95ec390bc76fa8922c943dd3797fa2eb78","/_next/static/media/b967158bc7d7a9fb-s.woff2":"cd209411a73ed645b4188157c5b0ad5f2bd7fd7e2eb8e39afe2a9f03ebd335c4","/_next/static/media/d1d9458b69004127-s.woff2":"23b66f06ae0de7c955b12751edf341301743b7ef23171ea504ba992767a42394","/_next/static/chunks/698-1321e6d13d35448d.js":"448ba897d9a796c5e935ff26bc226cae118e96f30028defa90b3a0ea102e8597","/_next/static/chunks/main-8e6833a775312e52.js":"3abd0629389abc03d81892ac8c8818bbf1d26111fe8e4ab7af91950b71d00831","/_next/static/media/2aaf0723e720e8b9-s.p.woff2":"9125e2daf16cf67750042d05cadbc2d52f21d5641d8826d240adfd57f7184d9f","/_next/static/media/9c4f34569c9b36ca-s.woff2":"ce8049481d541c70f4db24fcf42634377ef9124d3f9fd086c344e1aff3f77a68","/_next/static/chunks/polyfills-78c92fac7aa8fdd8.js":"76f0b40a22fd1d40b34e6072089550d8573c7207c510dc41038d823c7fa3c369","/_next/static/chunks/framework-8883d1e9be70c3da.js":"740a9917902c50b922f543c2c4f39e60359ba656dfa9cb709d20c8ad7c43fd24","/_next/static/chunks/bce60fc1-8c4748991edb1ec4.js":"c9d8e09518a837db763e0194a1a1349ad0996e181f083a20046c0bf93a4356f9"}}
[debug] [2023-07-12T19:38:53.415Z] <<< [apiv2][status] POST https://firebasehosting.googleapis.com/v1beta1/projects/404830534093/sites/nextjs-movie-db-ajw/versions/c987d740f1f735ab:populateFiles 200
[debug] [2023-07-12T19:38:53.415Z] <<< [apiv2][body] POST https://firebasehosting.googleapis.com/v1beta1/projects/404830534093/sites/nextjs-movie-db-ajw/versions/c987d740f1f735ab:populateFiles {"uploadRequiredHashes":["78632cc130b063f513d0407f53a66179629087fbf73a623f81404dfa18ffcb5e","54925f94a6bd57b6b623fb54714dc5f67470ae1d14f2b89dbff222c6777e4403","078dba7a82b37896cb54676c06cd8f07866c2ffcef8b896935b91556c47201eb"],"uploadUrl":"https://upload-firebasehosting.googleapis.com/upload/sites/nextjs-movie-db-ajw/versions/c987d740f1f735ab/files"}
[debug] [2023-07-12T19:38:53.418Z] >>> [apiv2][query] POST https://upload-firebasehosting.googleapis.com/upload/sites/nextjs-movie-db-ajw/versions/c987d740f1f735ab/files/78632cc130b063f513d0407f53a66179629087fbf73a623f81404dfa18ffcb5e [none]
[debug] [2023-07-12T19:38:53.418Z] >>> [apiv2][body] POST https://upload-firebasehosting.googleapis.com/upload/sites/nextjs-movie-db-ajw/versions/c987d740f1f735ab/files/78632cc130b063f513d0407f53a66179629087fbf73a623f81404dfa18ffcb5e [stream]
[debug] [2023-07-12T19:38:53.421Z] >>> [apiv2][query] POST https://upload-firebasehosting.googleapis.com/upload/sites/nextjs-movie-db-ajw/versions/c987d740f1f735ab/files/54925f94a6bd57b6b623fb54714dc5f67470ae1d14f2b89dbff222c6777e4403 [none]
[debug] [2023-07-12T19:38:53.421Z] >>> [apiv2][body] POST https://upload-firebasehosting.googleapis.com/upload/sites/nextjs-movie-db-ajw/versions/c987d740f1f735ab/files/54925f94a6bd57b6b623fb54714dc5f67470ae1d14f2b89dbff222c6777e4403 [stream]
[debug] [2023-07-12T19:38:53.422Z] >>> [apiv2][query] POST https://upload-firebasehosting.googleapis.com/upload/sites/nextjs-movie-db-ajw/versions/c987d740f1f735ab/files/078dba7a82b37896cb54676c06cd8f07866c2ffcef8b896935b91556c47201eb [none]
[debug] [2023-07-12T19:38:53.423Z] >>> [apiv2][body] POST https://upload-firebasehosting.googleapis.com/upload/sites/nextjs-movie-db-ajw/versions/c987d740f1f735ab/files/078dba7a82b37896cb54676c06cd8f07866c2ffcef8b896935b91556c47201eb [stream]
[debug] [2023-07-12T19:38:53.424Z] [hosting][populate queue][FINAL] {"max":462,"min":462,"avg":462,"active":0,"complete":1,"success":1,"errored":0,"retried":0,"total":1,"elapsed":469}
[debug] [2023-07-12T19:38:53.424Z] [hosting] uploads queued: 3
[debug] [2023-07-12T19:38:54.166Z] <<< [apiv2][status] POST https://upload-firebasehosting.googleapis.com/upload/sites/nextjs-movie-db-ajw/versions/c987d740f1f735ab/files/078dba7a82b37896cb54676c06cd8f07866c2ffcef8b896935b91556c47201eb 200
[debug] [2023-07-12T19:38:54.166Z] <<< [apiv2][body] POST https://upload-firebasehosting.googleapis.com/upload/sites/nextjs-movie-db-ajw/versions/c987d740f1f735ab/files/078dba7a82b37896cb54676c06cd8f07866c2ffcef8b896935b91556c47201eb [stream]
[debug] [2023-07-12T19:38:54.186Z] <<< [apiv2][status] POST https://upload-firebasehosting.googleapis.com/upload/sites/nextjs-movie-db-ajw/versions/c987d740f1f735ab/files/78632cc130b063f513d0407f53a66179629087fbf73a623f81404dfa18ffcb5e 200
[debug] [2023-07-12T19:38:54.186Z] <<< [apiv2][body] POST https://upload-firebasehosting.googleapis.com/upload/sites/nextjs-movie-db-ajw/versions/c987d740f1f735ab/files/78632cc130b063f513d0407f53a66179629087fbf73a623f81404dfa18ffcb5e [stream]
[debug] [2023-07-12T19:38:54.207Z] <<< [apiv2][status] POST https://upload-firebasehosting.googleapis.com/upload/sites/nextjs-movie-db-ajw/versions/c987d740f1f735ab/files/54925f94a6bd57b6b623fb54714dc5f67470ae1d14f2b89dbff222c6777e4403 200
[debug] [2023-07-12T19:38:54.207Z] <<< [apiv2][body] POST https://upload-firebasehosting.googleapis.com/upload/sites/nextjs-movie-db-ajw/versions/c987d740f1f735ab/files/54925f94a6bd57b6b623fb54714dc5f67470ae1d14f2b89dbff222c6777e4403 [stream]
[debug] [2023-07-12T19:38:54.207Z] [hosting][upload queue][FINAL] {"max":790,"min":750,"avg":770.3333333333334,"active":0,"complete":3,"success":3,"errored":0,"retried":0,"total":3,"elapsed":791}
[info] ✔  hosting[nextjs-movie-db-ajw]: file upload complete 
[debug] [2023-07-12T19:38:54.209Z] [hosting] deploy completed after 1304ms
[info] i  functions: updating Node.js 18 (2nd Gen) function firebase-frameworks-nextjs-movie-db-ajw:ssrnextjsmoviedbajw(us-east1)... 
[debug] [2023-07-12T19:38:54.222Z] >>> [apiv2][query] PATCH https://cloudfunctions.googleapis.com/v2/projects/nextjs-movie-db-ajw/locations/us-east1/functions/ssrnextjsmoviedbajw updateMask=name%2CbuildConfig.runtime%2CbuildConfig.entryPoint%2CbuildConfig.source.storageSource.bucket%2CbuildConfig.source.storageSource.object%2CbuildConfig.environmentVariables%2CserviceConfig.environmentVariables%2CserviceConfig.ingressSettings%2CserviceConfig.timeoutSeconds%2CserviceConfig.serviceAccountEmail%2CserviceConfig.availableMemory%2CserviceConfig.minInstanceCount%2CserviceConfig.maxInstanceCount%2CserviceConfig.maxInstanceRequestConcurrency%2CserviceConfig.availableCpu%2CserviceConfig.vpcConnector%2CserviceConfig.vpcConnectorEgressSettings%2Clabels%2CbuildConfig.buildEnvironmentVariables
[debug] [2023-07-12T19:38:54.222Z] >>> [apiv2][body] PATCH https://cloudfunctions.googleapis.com/v2/projects/nextjs-movie-db-ajw/locations/us-east1/functions/ssrnextjsmoviedbajw {"name":"projects/nextjs-movie-db-ajw/locations/us-east1/functions/ssrnextjsmoviedbajw","buildConfig":{"runtime":"nodejs18","entryPoint":"ssrnextjsmoviedbajw","source":{"storageSource":{"bucket":"gcf-v2-uploads-404830534093-us-east1","object":"ef787c19-9eaa-4bae-a795-b405a224ef8a.zip"}},"environmentVariables":{"GOOGLE_NODE_RUN_SCRIPTS":""}},"serviceConfig":{"environmentVariables":{"__FIREBASE_FRAMEWORKS_ENTRY__":"next.js","FIREBASE_CONFIG":"{\"projectId\":\"nextjs-movie-db-ajw\",\"storageBucket\":\"nextjs-movie-db-ajw.appspot.com\"}","GCLOUD_PROJECT":"nextjs-movie-db-ajw","EVENTARC_CLOUD_EVENT_SOURCE":"projects/nextjs-movie-db-ajw/locations/us-east1/services/ssrnextjsmoviedbajw"},"ingressSettings":null,"timeoutSeconds":null,"serviceAccountEmail":null,"availableMemory":"256Mi","minInstanceCount":null,"maxInstanceCount":null,"maxInstanceRequestConcurrency":80,"availableCpu":"1","vpcConnector":null,"vpcConnectorEgressSettings":null},"labels":{"deployment-tool":"cli-firebase","firebase-functions-codebase":"firebase-frameworks-nextjs-movie-db-ajw","firebase-functions-hash":"615f451dae071bfc93315faa9303bdb5719e9631"}}
[debug] [2023-07-12T19:38:55.246Z] <<< [apiv2][status] PATCH https://cloudfunctions.googleapis.com/v2/projects/nextjs-movie-db-ajw/locations/us-east1/functions/ssrnextjsmoviedbajw 200
[debug] [2023-07-12T19:38:55.247Z] <<< [apiv2][body] PATCH https://cloudfunctions.googleapis.com/v2/projects/nextjs-movie-db-ajw/locations/us-east1/functions/ssrnextjsmoviedbajw {"name":"projects/nextjs-movie-db-ajw/locations/us-east1/operations/operation-1689190734474-6004f5dafabcf-4ab23129-08237932","metadata":{"@type":"type.googleapis.com/google.cloud.functions.v2.OperationMetadata","createTime":"2023-07-12T19:38:55.159089856Z","target":"projects/nextjs-movie-db-ajw/locations/us-east1/functions/ssrnextjsmoviedbajw","verb":"update","cancelRequested":false,"apiVersion":"v2"},"done":false}
[debug] [2023-07-12T19:38:55.249Z] >>> [apiv2][query] GET https://cloudfunctions.googleapis.com/v2/projects/nextjs-movie-db-ajw/locations/us-east1/operations/operation-1689190734474-6004f5dafabcf-4ab23129-08237932 [none]
[debug] [2023-07-12T19:38:55.425Z] <<< [apiv2][status] GET https://cloudfunctions.googleapis.com/v2/projects/nextjs-movie-db-ajw/locations/us-east1/operations/operation-1689190734474-6004f5dafabcf-4ab23129-08237932 200
[debug] [2023-07-12T19:38:55.427Z] <<< [apiv2][body] GET https://cloudfunctions.googleapis.com/v2/projects/nextjs-movie-db-ajw/locations/us-east1/operations/operation-1689190734474-6004f5dafabcf-4ab23129-08237932 {"name":"projects/nextjs-movie-db-ajw/locations/us-east1/operations/operation-1689190734474-6004f5dafabcf-4ab23129-08237932","metadata":{"@type":"type.googleapis.com/google.cloud.functions.v2.OperationMetadata","createTime":"2023-07-12T19:38:55.159089856Z","target":"projects/nextjs-movie-db-ajw/locations/us-east1/functions/ssrnextjsmoviedbajw","verb":"update","cancelRequested":false,"apiVersion":"v2","requestResource":{"@type":"type.googleapis.com/google.cloud.functions.v2.Function","name":"projects/nextjs-movie-db-ajw/locations/us-east1/functions/ssrnextjsmoviedbajw","buildConfig":{"runtime":"nodejs18","entryPoint":"ssrnextjsmoviedbajw","source":{"storageSource":{"bucket":"gcf-v2-sources-404830534093-us-east1","object":"ssrnextjsmoviedbajw/function-source.zip"}},"environmentVariables":{"GOOGLE_NODE_RUN_SCRIPTS":""},"sourceProvenance":{"resolvedStorageSource":{"bucket":"gcf-v2-sources-404830534093-us-east1","object":"ssrnextjsmoviedbajw/function-source.zip","generation":"1689187608159887"}}},"serviceConfig":{"service":"projects/nextjs-movie-db-ajw/locations/us-east1/services/ssrnextjsmoviedbajw","timeoutSeconds":60,"environmentVariables":{"__FIREBASE_FRAMEWORKS_ENTRY__":"next.js","FIREBASE_CONFIG":"{\"projectId\":\"nextjs-movie-db-ajw\",\"storageBucket\":\"nextjs-movie-db-ajw.appspot.com\"}","GCLOUD_PROJECT":"nextjs-movie-db-ajw","EVENTARC_CLOUD_EVENT_SOURCE":"projects/nextjs-movie-db-ajw/locations/us-east1/services/ssrnextjsmoviedbajw"},"maxInstanceCount":100,"ingressSettings":"ALLOW_ALL","uri":"https://ssrnextjsmoviedbajw-cok34lk2ya-ue.a.run.app","serviceAccountEmail":"404830534093-compute@developer.gserviceaccount.com","availableMemory":"256Mi","allTrafficOnLatestRevision":true,"revision":"ssrnextjsmoviedbajw-00003-gef","maxInstanceRequestConcurrency":80,"availableCpu":"1"},"state":"ACTIVE","labels":{"deployment-tool":"cli-firebase","firebase-functions-codebase":"firebase-frameworks-nextjs-movie-db-ajw","firebase-functions-hash":"615f451dae071bfc93315faa9303bdb5719e9631"},"environment":"GEN_2","url":"https://us-east1-nextjs-movie-db-ajw.cloudfunctions.net/ssrnextjsmoviedbajw"},"stages":[{"name":"BUILD","state":"NOT_STARTED"},{"name":"SERVICE","state":"NOT_STARTED"}]},"done":false}
[debug] [2023-07-12T19:38:55.929Z] [update-firebase-frameworks-nextjs-movie-db-ajw-us-east1-ssrnextjsmoviedbajw] Retrying task index 0
[debug] [2023-07-12T19:38:55.930Z] >>> [apiv2][query] GET https://cloudfunctions.googleapis.com/v2/projects/nextjs-movie-db-ajw/locations/us-east1/operations/operation-1689190734474-6004f5dafabcf-4ab23129-08237932 [none]
[debug] [2023-07-12T19:38:56.092Z] <<< [apiv2][status] GET https://cloudfunctions.googleapis.com/v2/projects/nextjs-movie-db-ajw/locations/us-east1/operations/operation-1689190734474-6004f5dafabcf-4ab23129-08237932 200
[debug] [2023-07-12T19:38:56.092Z] <<< [apiv2][body] GET https://cloudfunctions.googleapis.com/v2/projects/nextjs-movie-db-ajw/locations/us-east1/operations/operation-1689190734474-6004f5dafabcf-4ab23129-08237932 {"name":"projects/nextjs-movie-db-ajw/locations/us-east1/operations/operation-1689190734474-6004f5dafabcf-4ab23129-08237932","metadata":{"@type":"type.googleapis.com/google.cloud.functions.v2.OperationMetadata","createTime":"2023-07-12T19:38:55.159089856Z","target":"projects/nextjs-movie-db-ajw/locations/us-east1/functions/ssrnextjsmoviedbajw","verb":"update","cancelRequested":false,"apiVersion":"v2","requestResource":{"@type":"type.googleapis.com/google.cloud.functions.v2.Function","name":"projects/nextjs-movie-db-ajw/locations/us-east1/functions/ssrnextjsmoviedbajw","buildConfig":{"runtime":"nodejs18","entryPoint":"ssrnextjsmoviedbajw","source":{"storageSource":{"bucket":"gcf-v2-sources-404830534093-us-east1","object":"ssrnextjsmoviedbajw/function-source.zip"}},"environmentVariables":{"GOOGLE_NODE_RUN_SCRIPTS":""},"sourceProvenance":{"resolvedStorageSource":{"bucket":"gcf-v2-sources-404830534093-us-east1","object":"ssrnextjsmoviedbajw/function-source.zip","generation":"1689187608159887"}}},"serviceConfig":{"service":"projects/nextjs-movie-db-ajw/locations/us-east1/services/ssrnextjsmoviedbajw","timeoutSeconds":60,"environmentVariables":{"__FIREBASE_FRAMEWORKS_ENTRY__":"next.js","FIREBASE_CONFIG":"{\"projectId\":\"nextjs-movie-db-ajw\",\"storageBucket\":\"nextjs-movie-db-ajw.appspot.com\"}","GCLOUD_PROJECT":"nextjs-movie-db-ajw","EVENTARC_CLOUD_EVENT_SOURCE":"projects/nextjs-movie-db-ajw/locations/us-east1/services/ssrnextjsmoviedbajw"},"maxInstanceCount":100,"ingressSettings":"ALLOW_ALL","uri":"https://ssrnextjsmoviedbajw-cok34lk2ya-ue.a.run.app","serviceAccountEmail":"404830534093-compute@developer.gserviceaccount.com","availableMemory":"256Mi","allTrafficOnLatestRevision":true,"revision":"ssrnextjsmoviedbajw-00003-gef","maxInstanceRequestConcurrency":80,"availableCpu":"1"},"state":"ACTIVE","labels":{"deployment-tool":"cli-firebase","firebase-functions-codebase":"firebase-frameworks-nextjs-movie-db-ajw","firebase-functions-hash":"615f451dae071bfc93315faa9303bdb5719e9631"},"environment":"GEN_2","url":"https://us-east1-nextjs-movie-db-ajw.cloudfunctions.net/ssrnextjsmoviedbajw"},"stages":[{"name":"BUILD","state":"NOT_STARTED"},{"name":"SERVICE","state":"NOT_STARTED"}]},"done":false}
[debug] [2023-07-12T19:38:57.094Z] [update-firebase-frameworks-nextjs-movie-db-ajw-us-east1-ssrnextjsmoviedbajw] Retrying task index 0
[debug] [2023-07-12T19:38:57.095Z] >>> [apiv2][query] GET https://cloudfunctions.googleapis.com/v2/projects/nextjs-movie-db-ajw/locations/us-east1/operations/operation-1689190734474-6004f5dafabcf-4ab23129-08237932 [none]
[debug] [2023-07-12T19:38:57.467Z] <<< [apiv2][status] GET https://cloudfunctions.googleapis.com/v2/projects/nextjs-movie-db-ajw/locations/us-east1/operations/operation-1689190734474-6004f5dafabcf-4ab23129-08237932 200
[debug] [2023-07-12T19:38:57.468Z] <<< [apiv2][body] GET https://cloudfunctions.googleapis.com/v2/projects/nextjs-movie-db-ajw/locations/us-east1/operations/operation-1689190734474-6004f5dafabcf-4ab23129-08237932 {"name":"projects/nextjs-movie-db-ajw/locations/us-east1/operations/operation-1689190734474-6004f5dafabcf-4ab23129-08237932","metadata":{"@type":"type.googleapis.com/google.cloud.functions.v2.OperationMetadata","createTime":"2023-07-12T19:38:55.159089856Z","target":"projects/nextjs-movie-db-ajw/locations/us-east1/functions/ssrnextjsmoviedbajw","verb":"update","cancelRequested":false,"apiVersion":"v2","requestResource":{"@type":"type.googleapis.com/google.cloud.functions.v2.Function","name":"projects/nextjs-movie-db-ajw/locations/us-east1/functions/ssrnextjsmoviedbajw","buildConfig":{"runtime":"nodejs18","entryPoint":"ssrnextjsmoviedbajw","source":{"storageSource":{"bucket":"gcf-v2-sources-404830534093-us-east1","object":"ssrnextjsmoviedbajw/function-source.zip"}},"environmentVariables":{"GOOGLE_NODE_RUN_SCRIPTS":""},"sourceProvenance":{"resolvedStorageSource":{"bucket":"gcf-v2-sources-404830534093-us-east1","object":"ssrnextjsmoviedbajw/function-source.zip","generation":"1689187608159887"}}},"serviceConfig":{"service":"projects/nextjs-movie-db-ajw/locations/us-east1/services/ssrnextjsmoviedbajw","timeoutSeconds":60,"environmentVariables":{"__FIREBASE_FRAMEWORKS_ENTRY__":"next.js","FIREBASE_CONFIG":"{\"projectId\":\"nextjs-movie-db-ajw\",\"storageBucket\":\"nextjs-movie-db-ajw.appspot.com\"}","GCLOUD_PROJECT":"nextjs-movie-db-ajw","EVENTARC_CLOUD_EVENT_SOURCE":"projects/nextjs-movie-db-ajw/locations/us-east1/services/ssrnextjsmoviedbajw"},"maxInstanceCount":100,"ingressSettings":"ALLOW_ALL","uri":"https://ssrnextjsmoviedbajw-cok34lk2ya-ue.a.run.app","serviceAccountEmail":"404830534093-compute@developer.gserviceaccount.com","availableMemory":"256Mi","allTrafficOnLatestRevision":true,"revision":"ssrnextjsmoviedbajw-00003-gef","maxInstanceRequestConcurrency":80,"availableCpu":"1"},"state":"ACTIVE","labels":{"deployment-tool":"cli-firebase","firebase-functions-codebase":"firebase-frameworks-nextjs-movie-db-ajw","firebase-functions-hash":"615f451dae071bfc93315faa9303bdb5719e9631"},"environment":"GEN_2","url":"https://us-east1-nextjs-movie-db-ajw.cloudfunctions.net/ssrnextjsmoviedbajw"},"stages":[{"name":"BUILD","message":"Creating build","state":"IN_PROGRESS","resource":"projects/404830534093/locations/us-east1/builds/58722a63-8e10-449d-8092-f7cce3988479","resourceUri":"https://console.cloud.google.com/cloud-build/builds;region=us-east1/58722a63-8e10-449d-8092-f7cce3988479?project=404830534093"},{"name":"SERVICE","state":"NOT_STARTED"}]},"done":false}
[debug] [2023-07-12T19:38:59.470Z] [update-firebase-frameworks-nextjs-movie-db-ajw-us-east1-ssrnextjsmoviedbajw] Retrying task index 0
[debug] [2023-07-12T19:38:59.471Z] >>> [apiv2][query] GET https://cloudfunctions.googleapis.com/v2/projects/nextjs-movie-db-ajw/locations/us-east1/operations/operation-1689190734474-6004f5dafabcf-4ab23129-08237932 [none]
[debug] [2023-07-12T19:38:59.585Z] <<< [apiv2][status] GET https://cloudfunctions.googleapis.com/v2/projects/nextjs-movie-db-ajw/locations/us-east1/operations/operation-1689190734474-6004f5dafabcf-4ab23129-08237932 200
[debug] [2023-07-12T19:38:59.585Z] <<< [apiv2][body] GET https://cloudfunctions.googleapis.com/v2/projects/nextjs-movie-db-ajw/locations/us-east1/operations/operation-1689190734474-6004f5dafabcf-4ab23129-08237932 {"name":"projects/nextjs-movie-db-ajw/locations/us-east1/operations/operation-1689190734474-6004f5dafabcf-4ab23129-08237932","metadata":{"@type":"type.googleapis.com/google.cloud.functions.v2.OperationMetadata","createTime":"2023-07-12T19:38:55.159089856Z","target":"projects/nextjs-movie-db-ajw/locations/us-east1/functions/ssrnextjsmoviedbajw","verb":"update","cancelRequested":false,"apiVersion":"v2","requestResource":{"@type":"type.googleapis.com/google.cloud.functions.v2.Function","name":"projects/nextjs-movie-db-ajw/locations/us-east1/functions/ssrnextjsmoviedbajw","buildConfig":{"runtime":"nodejs18","entryPoint":"ssrnextjsmoviedbajw","source":{"storageSource":{"bucket":"gcf-v2-sources-404830534093-us-east1","object":"ssrnextjsmoviedbajw/function-source.zip"}},"environmentVariables":{"GOOGLE_NODE_RUN_SCRIPTS":""},"sourceProvenance":{"resolvedStorageSource":{"bucket":"gcf-v2-sources-404830534093-us-east1","object":"ssrnextjsmoviedbajw/function-source.zip","generation":"1689187608159887"}}},"serviceConfig":{"service":"projects/nextjs-movie-db-ajw/locations/us-east1/services/ssrnextjsmoviedbajw","timeoutSeconds":60,"environmentVariables":{"__FIREBASE_FRAMEWORKS_ENTRY__":"next.js","FIREBASE_CONFIG":"{\"projectId\":\"nextjs-movie-db-ajw\",\"storageBucket\":\"nextjs-movie-db-ajw.appspot.com\"}","GCLOUD_PROJECT":"nextjs-movie-db-ajw","EVENTARC_CLOUD_EVENT_SOURCE":"projects/nextjs-movie-db-ajw/locations/us-east1/services/ssrnextjsmoviedbajw"},"maxInstanceCount":100,"ingressSettings":"ALLOW_ALL","uri":"https://ssrnextjsmoviedbajw-cok34lk2ya-ue.a.run.app","serviceAccountEmail":"404830534093-compute@developer.gserviceaccount.com","availableMemory":"256Mi","allTrafficOnLatestRevision":true,"revision":"ssrnextjsmoviedbajw-00003-gef","maxInstanceRequestConcurrency":80,"availableCpu":"1"},"state":"ACTIVE","labels":{"deployment-tool":"cli-firebase","firebase-functions-codebase":"firebase-frameworks-nextjs-movie-db-ajw","firebase-functions-hash":"615f451dae071bfc93315faa9303bdb5719e9631"},"environment":"GEN_2","url":"https://us-east1-nextjs-movie-db-ajw.cloudfunctions.net/ssrnextjsmoviedbajw"},"stages":[{"name":"BUILD","message":"Creating build","state":"IN_PROGRESS","resource":"projects/404830534093/locations/us-east1/builds/58722a63-8e10-449d-8092-f7cce3988479","resourceUri":"https://console.cloud.google.com/cloud-build/builds;region=us-east1/58722a63-8e10-449d-8092-f7cce3988479?project=404830534093"},{"name":"SERVICE","state":"NOT_STARTED"}]},"done":false}
[debug] [2023-07-12T19:39:03.587Z] [update-firebase-frameworks-nextjs-movie-db-ajw-us-east1-ssrnextjsmoviedbajw] Retrying task index 0
[debug] [2023-07-12T19:39:03.588Z] >>> [apiv2][query] GET https://cloudfunctions.googleapis.com/v2/projects/nextjs-movie-db-ajw/locations/us-east1/operations/operation-1689190734474-6004f5dafabcf-4ab23129-08237932 [none]
[debug] [2023-07-12T19:39:03.721Z] <<< [apiv2][status] GET https://cloudfunctions.googleapis.com/v2/projects/nextjs-movie-db-ajw/locations/us-east1/operations/operation-1689190734474-6004f5dafabcf-4ab23129-08237932 200
[debug] [2023-07-12T19:39:03.722Z] <<< [apiv2][body] GET https://cloudfunctions.googleapis.com/v2/projects/nextjs-movie-db-ajw/locations/us-east1/operations/operation-1689190734474-6004f5dafabcf-4ab23129-08237932 {"name":"projects/nextjs-movie-db-ajw/locations/us-east1/operations/operation-1689190734474-6004f5dafabcf-4ab23129-08237932","metadata":{"@type":"type.googleapis.com/google.cloud.functions.v2.OperationMetadata","createTime":"2023-07-12T19:38:55.159089856Z","target":"projects/nextjs-movie-db-ajw/locations/us-east1/functions/ssrnextjsmoviedbajw","verb":"update","cancelRequested":false,"apiVersion":"v2","requestResource":{"@type":"type.googleapis.com/google.cloud.functions.v2.Function","name":"projects/nextjs-movie-db-ajw/locations/us-east1/functions/ssrnextjsmoviedbajw","buildConfig":{"runtime":"nodejs18","entryPoint":"ssrnextjsmoviedbajw","source":{"storageSource":{"bucket":"gcf-v2-sources-404830534093-us-east1","object":"ssrnextjsmoviedbajw/function-source.zip"}},"environmentVariables":{"GOOGLE_NODE_RUN_SCRIPTS":""},"sourceProvenance":{"resolvedStorageSource":{"bucket":"gcf-v2-sources-404830534093-us-east1","object":"ssrnextjsmoviedbajw/function-source.zip","generation":"1689187608159887"}}},"serviceConfig":{"service":"projects/nextjs-movie-db-ajw/locations/us-east1/services/ssrnextjsmoviedbajw","timeoutSeconds":60,"environmentVariables":{"__FIREBASE_FRAMEWORKS_ENTRY__":"next.js","FIREBASE_CONFIG":"{\"projectId\":\"nextjs-movie-db-ajw\",\"storageBucket\":\"nextjs-movie-db-ajw.appspot.com\"}","GCLOUD_PROJECT":"nextjs-movie-db-ajw","EVENTARC_CLOUD_EVENT_SOURCE":"projects/nextjs-movie-db-ajw/locations/us-east1/services/ssrnextjsmoviedbajw"},"maxInstanceCount":100,"ingressSettings":"ALLOW_ALL","uri":"https://ssrnextjsmoviedbajw-cok34lk2ya-ue.a.run.app","serviceAccountEmail":"404830534093-compute@developer.gserviceaccount.com","availableMemory":"256Mi","allTrafficOnLatestRevision":true,"revision":"ssrnextjsmoviedbajw-00003-gef","maxInstanceRequestConcurrency":80,"availableCpu":"1"},"state":"ACTIVE","labels":{"deployment-tool":"cli-firebase","firebase-functions-codebase":"firebase-frameworks-nextjs-movie-db-ajw","firebase-functions-hash":"615f451dae071bfc93315faa9303bdb5719e9631"},"environment":"GEN_2","url":"https://us-east1-nextjs-movie-db-ajw.cloudfunctions.net/ssrnextjsmoviedbajw"},"stages":[{"name":"BUILD","message":"Creating build","state":"IN_PROGRESS","resource":"projects/404830534093/locations/us-east1/builds/58722a63-8e10-449d-8092-f7cce3988479","resourceUri":"https://console.cloud.google.com/cloud-build/builds;region=us-east1/58722a63-8e10-449d-8092-f7cce3988479?project=404830534093"},{"name":"SERVICE","state":"NOT_STARTED"}]},"done":false}
[debug] [2023-07-12T19:39:11.723Z] [update-firebase-frameworks-nextjs-movie-db-ajw-us-east1-ssrnextjsmoviedbajw] Retrying task index 0
[debug] [2023-07-12T19:39:11.724Z] >>> [apiv2][query] GET https://cloudfunctions.googleapis.com/v2/projects/nextjs-movie-db-ajw/locations/us-east1/operations/operation-1689190734474-6004f5dafabcf-4ab23129-08237932 [none]
[debug] [2023-07-12T19:39:11.865Z] <<< [apiv2][status] GET https://cloudfunctions.googleapis.com/v2/projects/nextjs-movie-db-ajw/locations/us-east1/operations/operation-1689190734474-6004f5dafabcf-4ab23129-08237932 200
[debug] [2023-07-12T19:39:11.866Z] <<< [apiv2][body] GET https://cloudfunctions.googleapis.com/v2/projects/nextjs-movie-db-ajw/locations/us-east1/operations/operation-1689190734474-6004f5dafabcf-4ab23129-08237932 {"name":"projects/nextjs-movie-db-ajw/locations/us-east1/operations/operation-1689190734474-6004f5dafabcf-4ab23129-08237932","metadata":{"@type":"type.googleapis.com/google.cloud.functions.v2.OperationMetadata","createTime":"2023-07-12T19:38:55.159089856Z","target":"projects/nextjs-movie-db-ajw/locations/us-east1/functions/ssrnextjsmoviedbajw","verb":"update","cancelRequested":false,"apiVersion":"v2","requestResource":{"@type":"type.googleapis.com/google.cloud.functions.v2.Function","name":"projects/nextjs-movie-db-ajw/locations/us-east1/functions/ssrnextjsmoviedbajw","buildConfig":{"runtime":"nodejs18","entryPoint":"ssrnextjsmoviedbajw","source":{"storageSource":{"bucket":"gcf-v2-sources-404830534093-us-east1","object":"ssrnextjsmoviedbajw/function-source.zip"}},"environmentVariables":{"GOOGLE_NODE_RUN_SCRIPTS":""},"sourceProvenance":{"resolvedStorageSource":{"bucket":"gcf-v2-sources-404830534093-us-east1","object":"ssrnextjsmoviedbajw/function-source.zip","generation":"1689187608159887"}}},"serviceConfig":{"service":"projects/nextjs-movie-db-ajw/locations/us-east1/services/ssrnextjsmoviedbajw","timeoutSeconds":60,"environmentVariables":{"__FIREBASE_FRAMEWORKS_ENTRY__":"next.js","FIREBASE_CONFIG":"{\"projectId\":\"nextjs-movie-db-ajw\",\"storageBucket\":\"nextjs-movie-db-ajw.appspot.com\"}","GCLOUD_PROJECT":"nextjs-movie-db-ajw","EVENTARC_CLOUD_EVENT_SOURCE":"projects/nextjs-movie-db-ajw/locations/us-east1/services/ssrnextjsmoviedbajw"},"maxInstanceCount":100,"ingressSettings":"ALLOW_ALL","uri":"https://ssrnextjsmoviedbajw-cok34lk2ya-ue.a.run.app","serviceAccountEmail":"404830534093-compute@developer.gserviceaccount.com","availableMemory":"256Mi","allTrafficOnLatestRevision":true,"revision":"ssrnextjsmoviedbajw-00003-gef","maxInstanceRequestConcurrency":80,"availableCpu":"1"},"state":"ACTIVE","labels":{"deployment-tool":"cli-firebase","firebase-functions-codebase":"firebase-frameworks-nextjs-movie-db-ajw","firebase-functions-hash":"615f451dae071bfc93315faa9303bdb5719e9631"},"environment":"GEN_2","url":"https://us-east1-nextjs-movie-db-ajw.cloudfunctions.net/ssrnextjsmoviedbajw"},"stages":[{"name":"BUILD","message":"Creating build","state":"IN_PROGRESS","resource":"projects/404830534093/locations/us-east1/builds/58722a63-8e10-449d-8092-f7cce3988479","resourceUri":"https://console.cloud.google.com/cloud-build/builds;region=us-east1/58722a63-8e10-449d-8092-f7cce3988479?project=404830534093"},{"name":"SERVICE","state":"NOT_STARTED"}]},"done":false}
[debug] [2023-07-12T19:39:21.867Z] [update-firebase-frameworks-nextjs-movie-db-ajw-us-east1-ssrnextjsmoviedbajw] Retrying task index 0
[debug] [2023-07-12T19:39:21.868Z] >>> [apiv2][query] GET https://cloudfunctions.googleapis.com/v2/projects/nextjs-movie-db-ajw/locations/us-east1/operations/operation-1689190734474-6004f5dafabcf-4ab23129-08237932 [none]
[debug] [2023-07-12T19:39:21.977Z] <<< [apiv2][status] GET https://cloudfunctions.googleapis.com/v2/projects/nextjs-movie-db-ajw/locations/us-east1/operations/operation-1689190734474-6004f5dafabcf-4ab23129-08237932 200
[debug] [2023-07-12T19:39:21.977Z] <<< [apiv2][body] GET https://cloudfunctions.googleapis.com/v2/projects/nextjs-movie-db-ajw/locations/us-east1/operations/operation-1689190734474-6004f5dafabcf-4ab23129-08237932 {"name":"projects/nextjs-movie-db-ajw/locations/us-east1/operations/operation-1689190734474-6004f5dafabcf-4ab23129-08237932","metadata":{"@type":"type.googleapis.com/google.cloud.functions.v2.OperationMetadata","createTime":"2023-07-12T19:38:55.159089856Z","target":"projects/nextjs-movie-db-ajw/locations/us-east1/functions/ssrnextjsmoviedbajw","verb":"update","cancelRequested":false,"apiVersion":"v2","requestResource":{"@type":"type.googleapis.com/google.cloud.functions.v2.Function","name":"projects/nextjs-movie-db-ajw/locations/us-east1/functions/ssrnextjsmoviedbajw","buildConfig":{"runtime":"nodejs18","entryPoint":"ssrnextjsmoviedbajw","source":{"storageSource":{"bucket":"gcf-v2-sources-404830534093-us-east1","object":"ssrnextjsmoviedbajw/function-source.zip"}},"environmentVariables":{"GOOGLE_NODE_RUN_SCRIPTS":""},"sourceProvenance":{"resolvedStorageSource":{"bucket":"gcf-v2-sources-404830534093-us-east1","object":"ssrnextjsmoviedbajw/function-source.zip","generation":"1689187608159887"}}},"serviceConfig":{"service":"projects/nextjs-movie-db-ajw/locations/us-east1/services/ssrnextjsmoviedbajw","timeoutSeconds":60,"environmentVariables":{"__FIREBASE_FRAMEWORKS_ENTRY__":"next.js","FIREBASE_CONFIG":"{\"projectId\":\"nextjs-movie-db-ajw\",\"storageBucket\":\"nextjs-movie-db-ajw.appspot.com\"}","GCLOUD_PROJECT":"nextjs-movie-db-ajw","EVENTARC_CLOUD_EVENT_SOURCE":"projects/nextjs-movie-db-ajw/locations/us-east1/services/ssrnextjsmoviedbajw"},"maxInstanceCount":100,"ingressSettings":"ALLOW_ALL","uri":"https://ssrnextjsmoviedbajw-cok34lk2ya-ue.a.run.app","serviceAccountEmail":"404830534093-compute@developer.gserviceaccount.com","availableMemory":"256Mi","allTrafficOnLatestRevision":true,"revision":"ssrnextjsmoviedbajw-00003-gef","maxInstanceRequestConcurrency":80,"availableCpu":"1"},"state":"ACTIVE","labels":{"deployment-tool":"cli-firebase","firebase-functions-codebase":"firebase-frameworks-nextjs-movie-db-ajw","firebase-functions-hash":"615f451dae071bfc93315faa9303bdb5719e9631"},"environment":"GEN_2","url":"https://us-east1-nextjs-movie-db-ajw.cloudfunctions.net/ssrnextjsmoviedbajw"},"stages":[{"name":"BUILD","message":"Creating build","state":"IN_PROGRESS","resource":"projects/404830534093/locations/us-east1/builds/58722a63-8e10-449d-8092-f7cce3988479","resourceUri":"https://console.cloud.google.com/cloud-build/builds;region=us-east1/58722a63-8e10-449d-8092-f7cce3988479?project=404830534093"},{"name":"SERVICE","state":"NOT_STARTED"}]},"done":false}
[debug] [2023-07-12T19:39:31.979Z] [update-firebase-frameworks-nextjs-movie-db-ajw-us-east1-ssrnextjsmoviedbajw] Retrying task index 0
[debug] [2023-07-12T19:39:31.980Z] >>> [apiv2][query] GET https://cloudfunctions.googleapis.com/v2/projects/nextjs-movie-db-ajw/locations/us-east1/operations/operation-1689190734474-6004f5dafabcf-4ab23129-08237932 [none]
[debug] [2023-07-12T19:39:32.070Z] <<< [apiv2][status] GET https://cloudfunctions.googleapis.com/v2/projects/nextjs-movie-db-ajw/locations/us-east1/operations/operation-1689190734474-6004f5dafabcf-4ab23129-08237932 200
[debug] [2023-07-12T19:39:32.070Z] <<< [apiv2][body] GET https://cloudfunctions.googleapis.com/v2/projects/nextjs-movie-db-ajw/locations/us-east1/operations/operation-1689190734474-6004f5dafabcf-4ab23129-08237932 {"name":"projects/nextjs-movie-db-ajw/locations/us-east1/operations/operation-1689190734474-6004f5dafabcf-4ab23129-08237932","metadata":{"@type":"type.googleapis.com/google.cloud.functions.v2.OperationMetadata","createTime":"2023-07-12T19:38:55.159089856Z","target":"projects/nextjs-movie-db-ajw/locations/us-east1/functions/ssrnextjsmoviedbajw","verb":"update","cancelRequested":false,"apiVersion":"v2","requestResource":{"@type":"type.googleapis.com/google.cloud.functions.v2.Function","name":"projects/nextjs-movie-db-ajw/locations/us-east1/functions/ssrnextjsmoviedbajw","buildConfig":{"runtime":"nodejs18","entryPoint":"ssrnextjsmoviedbajw","source":{"storageSource":{"bucket":"gcf-v2-sources-404830534093-us-east1","object":"ssrnextjsmoviedbajw/function-source.zip"}},"environmentVariables":{"GOOGLE_NODE_RUN_SCRIPTS":""},"sourceProvenance":{"resolvedStorageSource":{"bucket":"gcf-v2-sources-404830534093-us-east1","object":"ssrnextjsmoviedbajw/function-source.zip","generation":"1689187608159887"}}},"serviceConfig":{"service":"projects/nextjs-movie-db-ajw/locations/us-east1/services/ssrnextjsmoviedbajw","timeoutSeconds":60,"environmentVariables":{"__FIREBASE_FRAMEWORKS_ENTRY__":"next.js","FIREBASE_CONFIG":"{\"projectId\":\"nextjs-movie-db-ajw\",\"storageBucket\":\"nextjs-movie-db-ajw.appspot.com\"}","GCLOUD_PROJECT":"nextjs-movie-db-ajw","EVENTARC_CLOUD_EVENT_SOURCE":"projects/nextjs-movie-db-ajw/locations/us-east1/services/ssrnextjsmoviedbajw"},"maxInstanceCount":100,"ingressSettings":"ALLOW_ALL","uri":"https://ssrnextjsmoviedbajw-cok34lk2ya-ue.a.run.app","serviceAccountEmail":"404830534093-compute@developer.gserviceaccount.com","availableMemory":"256Mi","allTrafficOnLatestRevision":true,"revision":"ssrnextjsmoviedbajw-00003-gef","maxInstanceRequestConcurrency":80,"availableCpu":"1"},"state":"ACTIVE","labels":{"deployment-tool":"cli-firebase","firebase-functions-codebase":"firebase-frameworks-nextjs-movie-db-ajw","firebase-functions-hash":"615f451dae071bfc93315faa9303bdb5719e9631"},"environment":"GEN_2","url":"https://us-east1-nextjs-movie-db-ajw.cloudfunctions.net/ssrnextjsmoviedbajw"},"stages":[{"name":"BUILD","message":"Creating build","state":"IN_PROGRESS","resource":"projects/404830534093/locations/us-east1/builds/58722a63-8e10-449d-8092-f7cce3988479","resourceUri":"https://console.cloud.google.com/cloud-build/builds;region=us-east1/58722a63-8e10-449d-8092-f7cce3988479?project=404830534093"},{"name":"SERVICE","state":"NOT_STARTED"}]},"done":false}
[debug] [2023-07-12T19:39:42.072Z] [update-firebase-frameworks-nextjs-movie-db-ajw-us-east1-ssrnextjsmoviedbajw] Retrying task index 0
[debug] [2023-07-12T19:39:42.073Z] >>> [apiv2][query] GET https://cloudfunctions.googleapis.com/v2/projects/nextjs-movie-db-ajw/locations/us-east1/operations/operation-1689190734474-6004f5dafabcf-4ab23129-08237932 [none]
[debug] [2023-07-12T19:39:42.171Z] <<< [apiv2][status] GET https://cloudfunctions.googleapis.com/v2/projects/nextjs-movie-db-ajw/locations/us-east1/operations/operation-1689190734474-6004f5dafabcf-4ab23129-08237932 200
[debug] [2023-07-12T19:39:42.171Z] <<< [apiv2][body] GET https://cloudfunctions.googleapis.com/v2/projects/nextjs-movie-db-ajw/locations/us-east1/operations/operation-1689190734474-6004f5dafabcf-4ab23129-08237932 {"name":"projects/nextjs-movie-db-ajw/locations/us-east1/operations/operation-1689190734474-6004f5dafabcf-4ab23129-08237932","metadata":{"@type":"type.googleapis.com/google.cloud.functions.v2.OperationMetadata","createTime":"2023-07-12T19:38:55.159089856Z","target":"projects/nextjs-movie-db-ajw/locations/us-east1/functions/ssrnextjsmoviedbajw","verb":"update","cancelRequested":false,"apiVersion":"v2","requestResource":{"@type":"type.googleapis.com/google.cloud.functions.v2.Function","name":"projects/nextjs-movie-db-ajw/locations/us-east1/functions/ssrnextjsmoviedbajw","buildConfig":{"runtime":"nodejs18","entryPoint":"ssrnextjsmoviedbajw","source":{"storageSource":{"bucket":"gcf-v2-sources-404830534093-us-east1","object":"ssrnextjsmoviedbajw/function-source.zip"}},"environmentVariables":{"GOOGLE_NODE_RUN_SCRIPTS":""},"sourceProvenance":{"resolvedStorageSource":{"bucket":"gcf-v2-sources-404830534093-us-east1","object":"ssrnextjsmoviedbajw/function-source.zip","generation":"1689187608159887"}}},"serviceConfig":{"service":"projects/nextjs-movie-db-ajw/locations/us-east1/services/ssrnextjsmoviedbajw","timeoutSeconds":60,"environmentVariables":{"__FIREBASE_FRAMEWORKS_ENTRY__":"next.js","FIREBASE_CONFIG":"{\"projectId\":\"nextjs-movie-db-ajw\",\"storageBucket\":\"nextjs-movie-db-ajw.appspot.com\"}","GCLOUD_PROJECT":"nextjs-movie-db-ajw","EVENTARC_CLOUD_EVENT_SOURCE":"projects/nextjs-movie-db-ajw/locations/us-east1/services/ssrnextjsmoviedbajw"},"maxInstanceCount":100,"ingressSettings":"ALLOW_ALL","uri":"https://ssrnextjsmoviedbajw-cok34lk2ya-ue.a.run.app","serviceAccountEmail":"404830534093-compute@developer.gserviceaccount.com","availableMemory":"256Mi","allTrafficOnLatestRevision":true,"revision":"ssrnextjsmoviedbajw-00003-gef","maxInstanceRequestConcurrency":80,"availableCpu":"1"},"state":"ACTIVE","labels":{"deployment-tool":"cli-firebase","firebase-functions-codebase":"firebase-frameworks-nextjs-movie-db-ajw","firebase-functions-hash":"615f451dae071bfc93315faa9303bdb5719e9631"},"environment":"GEN_2","url":"https://us-east1-nextjs-movie-db-ajw.cloudfunctions.net/ssrnextjsmoviedbajw"},"stages":[{"name":"BUILD","message":"Creating build","state":"IN_PROGRESS","resource":"projects/404830534093/locations/us-east1/builds/58722a63-8e10-449d-8092-f7cce3988479","resourceUri":"https://console.cloud.google.com/cloud-build/builds;region=us-east1/58722a63-8e10-449d-8092-f7cce3988479?project=404830534093"},{"name":"SERVICE","state":"NOT_STARTED"}]},"done":false}
[debug] [2023-07-12T19:39:52.173Z] [update-firebase-frameworks-nextjs-movie-db-ajw-us-east1-ssrnextjsmoviedbajw] Retrying task index 0
[debug] [2023-07-12T19:39:52.174Z] >>> [apiv2][query] GET https://cloudfunctions.googleapis.com/v2/projects/nextjs-movie-db-ajw/locations/us-east1/operations/operation-1689190734474-6004f5dafabcf-4ab23129-08237932 [none]
[debug] [2023-07-12T19:39:52.291Z] <<< [apiv2][status] GET https://cloudfunctions.googleapis.com/v2/projects/nextjs-movie-db-ajw/locations/us-east1/operations/operation-1689190734474-6004f5dafabcf-4ab23129-08237932 200
[debug] [2023-07-12T19:39:52.292Z] <<< [apiv2][body] GET https://cloudfunctions.googleapis.com/v2/projects/nextjs-movie-db-ajw/locations/us-east1/operations/operation-1689190734474-6004f5dafabcf-4ab23129-08237932 {"name":"projects/nextjs-movie-db-ajw/locations/us-east1/operations/operation-1689190734474-6004f5dafabcf-4ab23129-08237932","metadata":{"@type":"type.googleapis.com/google.cloud.functions.v2.OperationMetadata","createTime":"2023-07-12T19:38:55.159089856Z","target":"projects/nextjs-movie-db-ajw/locations/us-east1/functions/ssrnextjsmoviedbajw","verb":"update","cancelRequested":false,"apiVersion":"v2","requestResource":{"@type":"type.googleapis.com/google.cloud.functions.v2.Function","name":"projects/nextjs-movie-db-ajw/locations/us-east1/functions/ssrnextjsmoviedbajw","buildConfig":{"runtime":"nodejs18","entryPoint":"ssrnextjsmoviedbajw","source":{"storageSource":{"bucket":"gcf-v2-sources-404830534093-us-east1","object":"ssrnextjsmoviedbajw/function-source.zip"}},"environmentVariables":{"GOOGLE_NODE_RUN_SCRIPTS":""},"sourceProvenance":{"resolvedStorageSource":{"bucket":"gcf-v2-sources-404830534093-us-east1","object":"ssrnextjsmoviedbajw/function-source.zip","generation":"1689187608159887"}}},"serviceConfig":{"service":"projects/nextjs-movie-db-ajw/locations/us-east1/services/ssrnextjsmoviedbajw","timeoutSeconds":60,"environmentVariables":{"__FIREBASE_FRAMEWORKS_ENTRY__":"next.js","FIREBASE_CONFIG":"{\"projectId\":\"nextjs-movie-db-ajw\",\"storageBucket\":\"nextjs-movie-db-ajw.appspot.com\"}","GCLOUD_PROJECT":"nextjs-movie-db-ajw","EVENTARC_CLOUD_EVENT_SOURCE":"projects/nextjs-movie-db-ajw/locations/us-east1/services/ssrnextjsmoviedbajw"},"maxInstanceCount":100,"ingressSettings":"ALLOW_ALL","uri":"https://ssrnextjsmoviedbajw-cok34lk2ya-ue.a.run.app","serviceAccountEmail":"404830534093-compute@developer.gserviceaccount.com","availableMemory":"256Mi","allTrafficOnLatestRevision":true,"revision":"ssrnextjsmoviedbajw-00003-gef","maxInstanceRequestConcurrency":80,"availableCpu":"1"},"state":"ACTIVE","labels":{"deployment-tool":"cli-firebase","firebase-functions-codebase":"firebase-frameworks-nextjs-movie-db-ajw","firebase-functions-hash":"615f451dae071bfc93315faa9303bdb5719e9631"},"environment":"GEN_2","url":"https://us-east1-nextjs-movie-db-ajw.cloudfunctions.net/ssrnextjsmoviedbajw"},"stages":[{"name":"BUILD","message":"Creating build","state":"IN_PROGRESS","resource":"projects/404830534093/locations/us-east1/builds/58722a63-8e10-449d-8092-f7cce3988479","resourceUri":"https://console.cloud.google.com/cloud-build/builds;region=us-east1/58722a63-8e10-449d-8092-f7cce3988479?project=404830534093"},{"name":"SERVICE","state":"NOT_STARTED"}]},"done":false}
[debug] [2023-07-12T19:40:02.293Z] [update-firebase-frameworks-nextjs-movie-db-ajw-us-east1-ssrnextjsmoviedbajw] Retrying task index 0
[debug] [2023-07-12T19:40:02.294Z] >>> [apiv2][query] GET https://cloudfunctions.googleapis.com/v2/projects/nextjs-movie-db-ajw/locations/us-east1/operations/operation-1689190734474-6004f5dafabcf-4ab23129-08237932 [none]
[debug] [2023-07-12T19:40:02.410Z] <<< [apiv2][status] GET https://cloudfunctions.googleapis.com/v2/projects/nextjs-movie-db-ajw/locations/us-east1/operations/operation-1689190734474-6004f5dafabcf-4ab23129-08237932 200
[debug] [2023-07-12T19:40:02.410Z] <<< [apiv2][body] GET https://cloudfunctions.googleapis.com/v2/projects/nextjs-movie-db-ajw/locations/us-east1/operations/operation-1689190734474-6004f5dafabcf-4ab23129-08237932 {"name":"projects/nextjs-movie-db-ajw/locations/us-east1/operations/operation-1689190734474-6004f5dafabcf-4ab23129-08237932","metadata":{"@type":"type.googleapis.com/google.cloud.functions.v2.OperationMetadata","createTime":"2023-07-12T19:38:55.159089856Z","target":"projects/nextjs-movie-db-ajw/locations/us-east1/functions/ssrnextjsmoviedbajw","verb":"update","cancelRequested":false,"apiVersion":"v2","requestResource":{"@type":"type.googleapis.com/google.cloud.functions.v2.Function","name":"projects/nextjs-movie-db-ajw/locations/us-east1/functions/ssrnextjsmoviedbajw","buildConfig":{"runtime":"nodejs18","entryPoint":"ssrnextjsmoviedbajw","source":{"storageSource":{"bucket":"gcf-v2-sources-404830534093-us-east1","object":"ssrnextjsmoviedbajw/function-source.zip"}},"environmentVariables":{"GOOGLE_NODE_RUN_SCRIPTS":""},"sourceProvenance":{"resolvedStorageSource":{"bucket":"gcf-v2-sources-404830534093-us-east1","object":"ssrnextjsmoviedbajw/function-source.zip","generation":"1689187608159887"}}},"serviceConfig":{"service":"projects/nextjs-movie-db-ajw/locations/us-east1/services/ssrnextjsmoviedbajw","timeoutSeconds":60,"environmentVariables":{"__FIREBASE_FRAMEWORKS_ENTRY__":"next.js","FIREBASE_CONFIG":"{\"projectId\":\"nextjs-movie-db-ajw\",\"storageBucket\":\"nextjs-movie-db-ajw.appspot.com\"}","GCLOUD_PROJECT":"nextjs-movie-db-ajw","EVENTARC_CLOUD_EVENT_SOURCE":"projects/nextjs-movie-db-ajw/locations/us-east1/services/ssrnextjsmoviedbajw"},"maxInstanceCount":100,"ingressSettings":"ALLOW_ALL","uri":"https://ssrnextjsmoviedbajw-cok34lk2ya-ue.a.run.app","serviceAccountEmail":"404830534093-compute@developer.gserviceaccount.com","availableMemory":"256Mi","allTrafficOnLatestRevision":true,"revision":"ssrnextjsmoviedbajw-00003-gef","maxInstanceRequestConcurrency":80,"availableCpu":"1"},"state":"ACTIVE","labels":{"deployment-tool":"cli-firebase","firebase-functions-codebase":"firebase-frameworks-nextjs-movie-db-ajw","firebase-functions-hash":"615f451dae071bfc93315faa9303bdb5719e9631"},"environment":"GEN_2","url":"https://us-east1-nextjs-movie-db-ajw.cloudfunctions.net/ssrnextjsmoviedbajw"},"stages":[{"name":"BUILD","message":"Creating build","state":"IN_PROGRESS","resource":"projects/404830534093/locations/us-east1/builds/58722a63-8e10-449d-8092-f7cce3988479","resourceUri":"https://console.cloud.google.com/cloud-build/builds;region=us-east1/58722a63-8e10-449d-8092-f7cce3988479?project=404830534093"},{"name":"SERVICE","state":"NOT_STARTED"}]},"done":false}
